#
# There is insufficient memory for the Java Runtime Environment to continue.
# Native memory allocation (malloc) failed to allocate 2062912 bytes. Error detail: Chunk::new
# Possible reasons:
#   The system is out of physical RAM or swap space
#   This process is running with CompressedOops enabled, and the Java Heap may be blocking the growth of the native heap
# Possible solutions:
#   Reduce memory load on the system
#   Increase physical memory or swap space
#   Check if swap backing store is full
#   Decrease Java heap size (-Xmx/-Xms)
#   Decrease number of Java threads
#   Decrease Java thread stack sizes (-Xss)
#   Set larger code cache with -XX:ReservedCodeCacheSize=
#   JVM is running with Zero Based Compressed Oops mode in which the Java heap is
#     placed in the first 32GB address space. The Java Heap base address is the
#     maximum limit for the native heap growth. Please use -XX:HeapBaseMinAddress
#     to set the Java Heap base and to place the Java Heap above 32GB virtual address.
# This output file may be truncated or incomplete.
#
#  Out of Memory Error (arena.cpp:150), pid=5380, tid=27212
#
# JRE version: Java(TM) SE Runtime Environment (22.0+36) (build 22+36-2370)
# Java VM: Java HotSpot(TM) 64-Bit Server VM (22+36-2370, mixed mode, sharing, tiered, compressed oops, compressed class ptrs, g1 gc, windows-amd64)
# No core dump will be written. Minidumps are not enabled by default on client versions of Windows
#

---------------  S U M M A R Y ------------

Command Line: -javaagent:C:\Program Files\JetBrains\IntelliJ IDEA Community Edition 2024.3.2.2\lib\idea_rt.jar=59522:C:\Program Files\JetBrains\IntelliJ IDEA Community Edition 2024.3.2.2\bin -Dfile.encoding=UTF-8 -Dsun.stdout.encoding=UTF-8 -Dsun.stderr.encoding=UTF-8 backend.BackendApplication

Host: 12th Gen Intel(R) Core(TM) i5-12500H, 16 cores, 15G,  Windows 11 , 64 bit Build 22621 (10.0.22621.4391)
Time: Fri Jun  6 22:21:59 2025 Sri Lanka Standard Time elapsed time: 1.039687 seconds (0d 0h 0m 1s)

---------------  T H R E A D  ---------------

Current thread (0x000001fca86a5290):  JavaThread "C2 CompilerThread2" daemon [_thread_in_native, id=27212, stack(0x00000059e9900000,0x00000059e9a00000) (1024K)]


Current CompileTask:
C2:1039 2352       4       java.lang.invoke.MethodType::methodType (69 bytes)

Stack: [0x00000059e9900000,0x00000059e9a00000]
Native frames: (J=compiled Java code, j=interpreted, Vv=VM code, C=native code)
V  [jvm.dll+0x6e2349]  (no source info available)
V  [jvm.dll+0x874ed3]  (no source info available)
V  [jvm.dll+0x8772fe]  (no source info available)
V  [jvm.dll+0x8779d3]  (no source info available)
V  [jvm.dll+0x27fcb6]  (no source info available)
V  [jvm.dll+0xc3d0f]  (no source info available)
V  [jvm.dll+0xc3f6b]  (no source info available)
V  [jvm.dll+0x3bb05c]  (no source info available)
V  [jvm.dll+0x387abb]  (no source info available)
V  [jvm.dll+0x386f2a]  (no source info available)
V  [jvm.dll+0x247908]  (no source info available)
V  [jvm.dll+0x246faf]  (no source info available)
V  [jvm.dll+0x1c4e90]  (no source info available)
V  [jvm.dll+0x25699e]  (no source info available)
V  [jvm.dll+0x254c5a]  (no source info available)
V  [jvm.dll+0x3f5426]  (no source info available)
V  [jvm.dll+0x81d50b]  (no source info available)
V  [jvm.dll+0x6e09e5]  (no source info available)
C  [ucrtbase.dll+0x29333]  (no source info available)
C  [KERNEL32.DLL+0x1259d]  (no source info available)
C  [ntdll.dll+0x5af38]  (no source info available)


---------------  P R O C E S S  ---------------

Threads class SMR info:
_java_thread_list=0x000001fcab972500, length=22, elements={
0x000001fc41186ae0, 0x000001fc621c63f0, 0x000001fc621c7210, 0x000001fc621c8fe0,
0x000001fc621c9d70, 0x000001fc621d5250, 0x000001fca8008090, 0x000001fc621d8770,
0x000001fc621dc720, 0x000001fc621dd6b0, 0x000001fca8173090, 0x000001fca817ae60,
0x000001fca82509d0, 0x000001fca816fc10, 0x000001fca81702a0, 0x000001fca8742a10,
0x000001fca86a5290, 0x000001fca90a2e90, 0x000001fca8e4b670, 0x000001fca900bec0,
0x000001fca900d590, 0x000001fca900ece0
}

Java Threads: ( => current thread )
  0x000001fc41186ae0 JavaThread "main"                              [_thread_in_Java, id=22324, stack(0x00000059e8200000,0x00000059e8300000) (1024K)]
  0x000001fc621c63f0 JavaThread "Reference Handler"          daemon [_thread_blocked, id=7292, stack(0x00000059e8a00000,0x00000059e8b00000) (1024K)]
  0x000001fc621c7210 JavaThread "Finalizer"                  daemon [_thread_blocked, id=21364, stack(0x00000059e8b00000,0x00000059e8c00000) (1024K)]
  0x000001fc621c8fe0 JavaThread "Signal Dispatcher"          daemon [_thread_blocked, id=23460, stack(0x00000059e8c00000,0x00000059e8d00000) (1024K)]
  0x000001fc621c9d70 JavaThread "Attach Listener"            daemon [_thread_blocked, id=10980, stack(0x00000059e8d00000,0x00000059e8e00000) (1024K)]
  0x000001fc621d5250 JavaThread "Service Thread"             daemon [_thread_blocked, id=15828, stack(0x00000059e8e00000,0x00000059e8f00000) (1024K)]
  0x000001fca8008090 JavaThread "Monitor Deflation Thread"   daemon [_thread_blocked, id=30244, stack(0x00000059e8f00000,0x00000059e9000000) (1024K)]
  0x000001fc621d8770 JavaThread "C2 CompilerThread0"         daemon [_thread_in_native, id=28800, stack(0x00000059e9000000,0x00000059e9100000) (1024K)]
  0x000001fc621dc720 JavaThread "C1 CompilerThread0"         daemon [_thread_blocked, id=11408, stack(0x00000059e9100000,0x00000059e9200000) (1024K)]
  0x000001fc621dd6b0 JavaThread "C1 CompilerThread1"         daemon [_thread_in_vm, id=33632, stack(0x00000059e9200000,0x00000059e9300000) (1024K)]
  0x000001fca8173090 JavaThread "Common-Cleaner"             daemon [_thread_blocked, id=30936, stack(0x00000059e9300000,0x00000059e9400000) (1024K)]
  0x000001fca817ae60 JavaThread "C1 CompilerThread2"         daemon [_thread_in_vm, id=28056, stack(0x00000059e9400000,0x00000059e9500000) (1024K)]
  0x000001fca82509d0 JavaThread "C2 CompilerThread1"         daemon [_thread_blocked, id=29708, stack(0x00000059e9500000,0x00000059e9600000) (1024K)]
  0x000001fca816fc10 JavaThread "Monitor Ctrl-Break"         daemon [_thread_in_native, id=2092, stack(0x00000059e9600000,0x00000059e9700000) (1024K)]
  0x000001fca81702a0 JavaThread "Notification Thread"        daemon [_thread_blocked, id=7968, stack(0x00000059e9700000,0x00000059e9800000) (1024K)]
  0x000001fca8742a10 JavaThread "C1 CompilerThread3"         daemon [_thread_blocked, id=18200, stack(0x00000059e9800000,0x00000059e9900000) (1024K)]
=>0x000001fca86a5290 JavaThread "C2 CompilerThread2"         daemon [_thread_in_native, id=27212, stack(0x00000059e9900000,0x00000059e9a00000) (1024K)]
  0x000001fca90a2e90 JavaThread "C2 CompilerThread3"         daemon [_thread_blocked, id=33036, stack(0x00000059ea000000,0x00000059ea100000) (1024K)]
  0x000001fca8e4b670 JavaThread "C2 CompilerThread4"         daemon [_thread_blocked, id=13460, stack(0x00000059ea100000,0x00000059ea200000) (1024K)]
  0x000001fca900bec0 JavaThread "C2 CompilerThread5"         daemon [_thread_blocked, id=18404, stack(0x00000059ea200000,0x00000059ea300000) (1024K)]
  0x000001fca900d590 JavaThread "C2 CompilerThread6"         daemon [_thread_in_native, id=27560, stack(0x00000059ea300000,0x00000059ea400000) (1024K)]
  0x000001fca900ece0 JavaThread "C2 CompilerThread7"         daemon [_thread_blocked, id=11740, stack(0x00000059ea400000,0x00000059ea500000) (1024K)]
Total: 22

Other Threads:
  0x000001fc621ac060 VMThread "VM Thread"                           [id=19264, stack(0x00000059e8900000,0x00000059e8a00000) (1024K)]
  0x000001fc62194680 WatcherThread "VM Periodic Task Thread"        [id=21776, stack(0x00000059e8800000,0x00000059e8900000) (1024K)]
  0x000001fc414390b0 WorkerThread "GC Thread#0"                     [id=33044, stack(0x00000059e8300000,0x00000059e8400000) (1024K)]
  0x000001fca8b10600 WorkerThread "GC Thread#1"                     [id=18820, stack(0x00000059e9a00000,0x00000059e9b00000) (1024K)]
  0x000001fca8b109b0 WorkerThread "GC Thread#2"                     [id=9756, stack(0x00000059e9b00000,0x00000059e9c00000) (1024K)]
  0x000001fca8855c10 WorkerThread "GC Thread#3"                     [id=512, stack(0x00000059e9c00000,0x00000059e9d00000) (1024K)]
  0x000001fca8855fc0 WorkerThread "GC Thread#4"                     [id=15892, stack(0x00000059e9d00000,0x00000059e9e00000) (1024K)]
  0x000001fca8856370 WorkerThread "GC Thread#5"                     [id=27556, stack(0x00000059e9e00000,0x00000059e9f00000) (1024K)]
  0x000001fca97a7d60 WorkerThread "GC Thread#6"                     [id=13204, stack(0x00000059ea500000,0x00000059ea600000) (1024K)]
  0x000001fca9380d10 WorkerThread "GC Thread#7"                     [id=22428, stack(0x00000059ea600000,0x00000059ea700000) (1024K)]
  0x000001fca9820bf0 WorkerThread "GC Thread#8"                     [id=24924, stack(0x00000059ea700000,0x00000059ea800000) (1024K)]
  0x000001fca9820fa0 WorkerThread "GC Thread#9"                     [id=25072, stack(0x00000059ea800000,0x00000059ea900000) (1024K)]
  0x000001fca9821350 WorkerThread "GC Thread#10"                    [id=33200, stack(0x00000059ea900000,0x00000059eaa00000) (1024K)]
  0x000001fca9825b20 WorkerThread "GC Thread#11"                    [id=23192, stack(0x00000059eaa00000,0x00000059eab00000) (1024K)]
  0x000001fca979a310 WorkerThread "GC Thread#12"                    [id=29432, stack(0x00000059eab00000,0x00000059eac00000) (1024K)]
  0x000001fc4144ab40 ConcurrentGCThread "G1 Main Marker"            [id=24768, stack(0x00000059e8400000,0x00000059e8500000) (1024K)]
  0x000001fc4144b800 WorkerThread "G1 Conc#0"                       [id=14540, stack(0x00000059e8500000,0x00000059e8600000) (1024K)]
  0x000001fc4148e7a0 ConcurrentGCThread "G1 Refine#0"               [id=8232, stack(0x00000059e8600000,0x00000059e8700000) (1024K)]
  0x000001fc62065400 ConcurrentGCThread "G1 Service"                [id=33308, stack(0x00000059e8700000,0x00000059e8800000) (1024K)]
Total: 19

Threads with active compile tasks:
C2 CompilerThread0  1081 2592   !   4       java.net.URL::<init> (543 bytes)
C1 CompilerThread2  1081 2601       3       org.springframework.util.StringUtils::delimitedListToStringArray (164 bytes)
C2 CompilerThread1  1081 2602       4       java.util.Properties::loadConvert (540 bytes)
C2 CompilerThread2  1081 2352       4       java.lang.invoke.MethodType::methodType (69 bytes)
C2 CompilerThread3  1081 2603       4       java.util.Properties::load0 (249 bytes)
C2 CompilerThread6  1081 2316       4       java.lang.invoke.MethodType::makeImpl (109 bytes)
Total: 6

VM state: not at safepoint (normal execution)

VM Mutex/Monitor currently owned by a thread: None

Heap address: 0x0000000705e00000, size: 4002 MB, Compressed Oops mode: Zero based, Oop shift amount: 3

CDS archive(s) mapped at: [0x000001fc63000000-0x000001fc63c60000-0x000001fc63c60000), size 12976128, SharedBaseAddress: 0x000001fc63000000, ArchiveRelocationMode: 1.
Compressed class space mapped at: 0x000001fc64000000-0x000001fca4000000, reserved size: 1073741824
Narrow klass base: 0x000001fc63000000, Narrow klass shift: 0, Narrow klass range: 0x41000000

GC Precious Log:
 CardTable entry size: 512
 Card Set container configuration: InlinePtr #cards 4 size 8 Array Of Cards #cards 16 size 48 Howl #buckets 8 coarsen threshold 3686 Howl Bitmap #cards 512 size 80 coarsen threshold 460 Card regions per heap region 1 cards per card region 4096
 CPUs: 16 total, 16 available
 Memory: 16004M
 Large Page Support: Disabled
 NUMA Support: Disabled
 Compressed Oops: Enabled (Zero based)
 Heap Region Size: 2M
 Heap Min Capacity: 8M
 Heap Initial Capacity: 252M
 Heap Max Capacity: 4002M
 Pre-touch: Disabled
 Parallel Workers: 13
 Concurrent Workers: 3
 Concurrent Refinement Workers: 13
 Periodic GC: Disabled

Heap:
 garbage-first heap   total reserved 4098048K, committed 258048K, used 28691K [0x0000000705e00000, 0x0000000800000000)
  region size 2048K, 11 young (22528K), 2 survivors (4096K)
 Metaspace       used 19748K, committed 20096K, reserved 1114112K
  class space    used 2428K, committed 2560K, reserved 1048576K

Heap Regions: E=young(eden), S=young(survivor), O=old, HS=humongous(starts), HC=humongous(continues), CS=collection set, F=free, TAMS=top-at-mark-start, PB=parsable bottom
|   0|0x0000000705e00000, 0x0000000706000000, 0x0000000706000000|100%| O|  |TAMS 0x0000000705e00000| PB 0x0000000705e00000| Untracked |  0
|   1|0x0000000706000000, 0x0000000706200000, 0x0000000706200000|100%| O|  |TAMS 0x0000000706000000| PB 0x0000000706000000| Untracked |  0
|   2|0x0000000706200000, 0x0000000706400000, 0x0000000706400000|100%| O|  |TAMS 0x0000000706200000| PB 0x0000000706200000| Untracked |  0
|   3|0x0000000706400000, 0x0000000706524a88, 0x0000000706600000| 57%| O|  |TAMS 0x0000000706400000| PB 0x0000000706400000| Untracked |  0
|   4|0x0000000706600000, 0x0000000706600000, 0x0000000706800000|  0%| F|  |TAMS 0x0000000706600000| PB 0x0000000706600000| Untracked |  0
|   5|0x0000000706800000, 0x0000000706800000, 0x0000000706a00000|  0%| F|  |TAMS 0x0000000706800000| PB 0x0000000706800000| Untracked |  0
|   6|0x0000000706a00000, 0x0000000706a00000, 0x0000000706c00000|  0%| F|  |TAMS 0x0000000706a00000| PB 0x0000000706a00000| Untracked |  0
|   7|0x0000000706c00000, 0x0000000706c00000, 0x0000000706e00000|  0%| F|  |TAMS 0x0000000706c00000| PB 0x0000000706c00000| Untracked |  0
|   8|0x0000000706e00000, 0x0000000706e00000, 0x0000000707000000|  0%| F|  |TAMS 0x0000000706e00000| PB 0x0000000706e00000| Untracked |  0
|   9|0x0000000707000000, 0x0000000707000000, 0x0000000707200000|  0%| F|  |TAMS 0x0000000707000000| PB 0x0000000707000000| Untracked |  0
|  10|0x0000000707200000, 0x0000000707200000, 0x0000000707400000|  0%| F|  |TAMS 0x0000000707200000| PB 0x0000000707200000| Untracked |  0
|  11|0x0000000707400000, 0x0000000707400000, 0x0000000707600000|  0%| F|  |TAMS 0x0000000707400000| PB 0x0000000707400000| Untracked |  0
|  12|0x0000000707600000, 0x0000000707600000, 0x0000000707800000|  0%| F|  |TAMS 0x0000000707600000| PB 0x0000000707600000| Untracked |  0
|  13|0x0000000707800000, 0x0000000707800000, 0x0000000707a00000|  0%| F|  |TAMS 0x0000000707800000| PB 0x0000000707800000| Untracked |  0
|  14|0x0000000707a00000, 0x0000000707a00000, 0x0000000707c00000|  0%| F|  |TAMS 0x0000000707a00000| PB 0x0000000707a00000| Untracked |  0
|  15|0x0000000707c00000, 0x0000000707c00000, 0x0000000707e00000|  0%| F|  |TAMS 0x0000000707c00000| PB 0x0000000707c00000| Untracked |  0
|  16|0x0000000707e00000, 0x0000000707e00000, 0x0000000708000000|  0%| F|  |TAMS 0x0000000707e00000| PB 0x0000000707e00000| Untracked |  0
|  17|0x0000000708000000, 0x0000000708000000, 0x0000000708200000|  0%| F|  |TAMS 0x0000000708000000| PB 0x0000000708000000| Untracked |  0
|  18|0x0000000708200000, 0x0000000708200000, 0x0000000708400000|  0%| F|  |TAMS 0x0000000708200000| PB 0x0000000708200000| Untracked |  0
|  19|0x0000000708400000, 0x0000000708400000, 0x0000000708600000|  0%| F|  |TAMS 0x0000000708400000| PB 0x0000000708400000| Untracked |  0
|  20|0x0000000708600000, 0x0000000708600000, 0x0000000708800000|  0%| F|  |TAMS 0x0000000708600000| PB 0x0000000708600000| Untracked |  0
|  21|0x0000000708800000, 0x0000000708800000, 0x0000000708a00000|  0%| F|  |TAMS 0x0000000708800000| PB 0x0000000708800000| Untracked |  0
|  22|0x0000000708a00000, 0x0000000708a00000, 0x0000000708c00000|  0%| F|  |TAMS 0x0000000708a00000| PB 0x0000000708a00000| Untracked |  0
|  23|0x0000000708c00000, 0x0000000708c00000, 0x0000000708e00000|  0%| F|  |TAMS 0x0000000708c00000| PB 0x0000000708c00000| Untracked |  0
|  24|0x0000000708e00000, 0x0000000708e00000, 0x0000000709000000|  0%| F|  |TAMS 0x0000000708e00000| PB 0x0000000708e00000| Untracked |  0
|  25|0x0000000709000000, 0x0000000709000000, 0x0000000709200000|  0%| F|  |TAMS 0x0000000709000000| PB 0x0000000709000000| Untracked |  0
|  26|0x0000000709200000, 0x0000000709200000, 0x0000000709400000|  0%| F|  |TAMS 0x0000000709200000| PB 0x0000000709200000| Untracked |  0
|  27|0x0000000709400000, 0x0000000709400000, 0x0000000709600000|  0%| F|  |TAMS 0x0000000709400000| PB 0x0000000709400000| Untracked |  0
|  28|0x0000000709600000, 0x0000000709600000, 0x0000000709800000|  0%| F|  |TAMS 0x0000000709600000| PB 0x0000000709600000| Untracked |  0
|  29|0x0000000709800000, 0x0000000709800000, 0x0000000709a00000|  0%| F|  |TAMS 0x0000000709800000| PB 0x0000000709800000| Untracked |  0
|  30|0x0000000709a00000, 0x0000000709a00000, 0x0000000709c00000|  0%| F|  |TAMS 0x0000000709a00000| PB 0x0000000709a00000| Untracked |  0
|  31|0x0000000709c00000, 0x0000000709c00000, 0x0000000709e00000|  0%| F|  |TAMS 0x0000000709c00000| PB 0x0000000709c00000| Untracked |  0
|  32|0x0000000709e00000, 0x0000000709e00000, 0x000000070a000000|  0%| F|  |TAMS 0x0000000709e00000| PB 0x0000000709e00000| Untracked |  0
|  33|0x000000070a000000, 0x000000070a000000, 0x000000070a200000|  0%| F|  |TAMS 0x000000070a000000| PB 0x000000070a000000| Untracked |  0
|  34|0x000000070a200000, 0x000000070a200000, 0x000000070a400000|  0%| F|  |TAMS 0x000000070a200000| PB 0x000000070a200000| Untracked |  0
|  35|0x000000070a400000, 0x000000070a400000, 0x000000070a600000|  0%| F|  |TAMS 0x000000070a400000| PB 0x000000070a400000| Untracked |  0
|  36|0x000000070a600000, 0x000000070a600000, 0x000000070a800000|  0%| F|  |TAMS 0x000000070a600000| PB 0x000000070a600000| Untracked |  0
|  37|0x000000070a800000, 0x000000070a800000, 0x000000070aa00000|  0%| F|  |TAMS 0x000000070a800000| PB 0x000000070a800000| Untracked |  0
|  38|0x000000070aa00000, 0x000000070aa00000, 0x000000070ac00000|  0%| F|  |TAMS 0x000000070aa00000| PB 0x000000070aa00000| Untracked |  0
|  39|0x000000070ac00000, 0x000000070ac00000, 0x000000070ae00000|  0%| F|  |TAMS 0x000000070ac00000| PB 0x000000070ac00000| Untracked |  0
|  40|0x000000070ae00000, 0x000000070ae00000, 0x000000070b000000|  0%| F|  |TAMS 0x000000070ae00000| PB 0x000000070ae00000| Untracked |  0
|  41|0x000000070b000000, 0x000000070b000000, 0x000000070b200000|  0%| F|  |TAMS 0x000000070b000000| PB 0x000000070b000000| Untracked |  0
|  42|0x000000070b200000, 0x000000070b200000, 0x000000070b400000|  0%| F|  |TAMS 0x000000070b200000| PB 0x000000070b200000| Untracked |  0
|  43|0x000000070b400000, 0x000000070b400000, 0x000000070b600000|  0%| F|  |TAMS 0x000000070b400000| PB 0x000000070b400000| Untracked |  0
|  44|0x000000070b600000, 0x000000070b600000, 0x000000070b800000|  0%| F|  |TAMS 0x000000070b600000| PB 0x000000070b600000| Untracked |  0
|  45|0x000000070b800000, 0x000000070b800000, 0x000000070ba00000|  0%| F|  |TAMS 0x000000070b800000| PB 0x000000070b800000| Untracked |  0
|  46|0x000000070ba00000, 0x000000070ba00000, 0x000000070bc00000|  0%| F|  |TAMS 0x000000070ba00000| PB 0x000000070ba00000| Untracked |  0
|  47|0x000000070bc00000, 0x000000070bc00000, 0x000000070be00000|  0%| F|  |TAMS 0x000000070bc00000| PB 0x000000070bc00000| Untracked |  0
|  48|0x000000070be00000, 0x000000070be00000, 0x000000070c000000|  0%| F|  |TAMS 0x000000070be00000| PB 0x000000070be00000| Untracked |  0
|  49|0x000000070c000000, 0x000000070c000000, 0x000000070c200000|  0%| F|  |TAMS 0x000000070c000000| PB 0x000000070c000000| Untracked |  0
|  50|0x000000070c200000, 0x000000070c200000, 0x000000070c400000|  0%| F|  |TAMS 0x000000070c200000| PB 0x000000070c200000| Untracked |  0
|  51|0x000000070c400000, 0x000000070c400000, 0x000000070c600000|  0%| F|  |TAMS 0x000000070c400000| PB 0x000000070c400000| Untracked |  0
|  52|0x000000070c600000, 0x000000070c600000, 0x000000070c800000|  0%| F|  |TAMS 0x000000070c600000| PB 0x000000070c600000| Untracked |  0
|  53|0x000000070c800000, 0x000000070c800000, 0x000000070ca00000|  0%| F|  |TAMS 0x000000070c800000| PB 0x000000070c800000| Untracked |  0
|  54|0x000000070ca00000, 0x000000070ca00000, 0x000000070cc00000|  0%| F|  |TAMS 0x000000070ca00000| PB 0x000000070ca00000| Untracked |  0
|  55|0x000000070cc00000, 0x000000070cc00000, 0x000000070ce00000|  0%| F|  |TAMS 0x000000070cc00000| PB 0x000000070cc00000| Untracked |  0
|  56|0x000000070ce00000, 0x000000070ce00000, 0x000000070d000000|  0%| F|  |TAMS 0x000000070ce00000| PB 0x000000070ce00000| Untracked |  0
|  57|0x000000070d000000, 0x000000070d000000, 0x000000070d200000|  0%| F|  |TAMS 0x000000070d000000| PB 0x000000070d000000| Untracked |  0
|  58|0x000000070d200000, 0x000000070d200000, 0x000000070d400000|  0%| F|  |TAMS 0x000000070d200000| PB 0x000000070d200000| Untracked |  0
|  59|0x000000070d400000, 0x000000070d400000, 0x000000070d600000|  0%| F|  |TAMS 0x000000070d400000| PB 0x000000070d400000| Untracked |  0
|  60|0x000000070d600000, 0x000000070d600000, 0x000000070d800000|  0%| F|  |TAMS 0x000000070d600000| PB 0x000000070d600000| Untracked |  0
|  61|0x000000070d800000, 0x000000070d800000, 0x000000070da00000|  0%| F|  |TAMS 0x000000070d800000| PB 0x000000070d800000| Untracked |  0
|  62|0x000000070da00000, 0x000000070da00000, 0x000000070dc00000|  0%| F|  |TAMS 0x000000070da00000| PB 0x000000070da00000| Untracked |  0
|  63|0x000000070dc00000, 0x000000070dc00000, 0x000000070de00000|  0%| F|  |TAMS 0x000000070dc00000| PB 0x000000070dc00000| Untracked |  0
|  64|0x000000070de00000, 0x000000070de00000, 0x000000070e000000|  0%| F|  |TAMS 0x000000070de00000| PB 0x000000070de00000| Untracked |  0
|  65|0x000000070e000000, 0x000000070e000000, 0x000000070e200000|  0%| F|  |TAMS 0x000000070e000000| PB 0x000000070e000000| Untracked |  0
|  66|0x000000070e200000, 0x000000070e200000, 0x000000070e400000|  0%| F|  |TAMS 0x000000070e200000| PB 0x000000070e200000| Untracked |  0
|  67|0x000000070e400000, 0x000000070e400000, 0x000000070e600000|  0%| F|  |TAMS 0x000000070e400000| PB 0x000000070e400000| Untracked |  0
|  68|0x000000070e600000, 0x000000070e600000, 0x000000070e800000|  0%| F|  |TAMS 0x000000070e600000| PB 0x000000070e600000| Untracked |  0
|  69|0x000000070e800000, 0x000000070e800000, 0x000000070ea00000|  0%| F|  |TAMS 0x000000070e800000| PB 0x000000070e800000| Untracked |  0
|  70|0x000000070ea00000, 0x000000070ea00000, 0x000000070ec00000|  0%| F|  |TAMS 0x000000070ea00000| PB 0x000000070ea00000| Untracked |  0
|  71|0x000000070ec00000, 0x000000070ec00000, 0x000000070ee00000|  0%| F|  |TAMS 0x000000070ec00000| PB 0x000000070ec00000| Untracked |  0
|  72|0x000000070ee00000, 0x000000070ee00000, 0x000000070f000000|  0%| F|  |TAMS 0x000000070ee00000| PB 0x000000070ee00000| Untracked |  0
|  73|0x000000070f000000, 0x000000070f000000, 0x000000070f200000|  0%| F|  |TAMS 0x000000070f000000| PB 0x000000070f000000| Untracked |  0
|  74|0x000000070f200000, 0x000000070f200000, 0x000000070f400000|  0%| F|  |TAMS 0x000000070f200000| PB 0x000000070f200000| Untracked |  0
|  75|0x000000070f400000, 0x000000070f400000, 0x000000070f600000|  0%| F|  |TAMS 0x000000070f400000| PB 0x000000070f400000| Untracked |  0
|  76|0x000000070f600000, 0x000000070f600000, 0x000000070f800000|  0%| F|  |TAMS 0x000000070f600000| PB 0x000000070f600000| Untracked |  0
|  77|0x000000070f800000, 0x000000070f800000, 0x000000070fa00000|  0%| F|  |TAMS 0x000000070f800000| PB 0x000000070f800000| Untracked |  0
|  78|0x000000070fa00000, 0x000000070fa00000, 0x000000070fc00000|  0%| F|  |TAMS 0x000000070fa00000| PB 0x000000070fa00000| Untracked |  0
|  79|0x000000070fc00000, 0x000000070fc00000, 0x000000070fe00000|  0%| F|  |TAMS 0x000000070fc00000| PB 0x000000070fc00000| Untracked |  0
|  80|0x000000070fe00000, 0x000000070fe00000, 0x0000000710000000|  0%| F|  |TAMS 0x000000070fe00000| PB 0x000000070fe00000| Untracked |  0
|  81|0x0000000710000000, 0x0000000710000000, 0x0000000710200000|  0%| F|  |TAMS 0x0000000710000000| PB 0x0000000710000000| Untracked |  0
|  82|0x0000000710200000, 0x0000000710200000, 0x0000000710400000|  0%| F|  |TAMS 0x0000000710200000| PB 0x0000000710200000| Untracked |  0
|  83|0x0000000710400000, 0x0000000710400000, 0x0000000710600000|  0%| F|  |TAMS 0x0000000710400000| PB 0x0000000710400000| Untracked |  0
|  84|0x0000000710600000, 0x0000000710600000, 0x0000000710800000|  0%| F|  |TAMS 0x0000000710600000| PB 0x0000000710600000| Untracked |  0
|  85|0x0000000710800000, 0x0000000710800000, 0x0000000710a00000|  0%| F|  |TAMS 0x0000000710800000| PB 0x0000000710800000| Untracked |  0
|  86|0x0000000710a00000, 0x0000000710a00000, 0x0000000710c00000|  0%| F|  |TAMS 0x0000000710a00000| PB 0x0000000710a00000| Untracked |  0
|  87|0x0000000710c00000, 0x0000000710c00000, 0x0000000710e00000|  0%| F|  |TAMS 0x0000000710c00000| PB 0x0000000710c00000| Untracked |  0
|  88|0x0000000710e00000, 0x0000000710e00000, 0x0000000711000000|  0%| F|  |TAMS 0x0000000710e00000| PB 0x0000000710e00000| Untracked |  0
|  89|0x0000000711000000, 0x0000000711000000, 0x0000000711200000|  0%| F|  |TAMS 0x0000000711000000| PB 0x0000000711000000| Untracked |  0
|  90|0x0000000711200000, 0x0000000711200000, 0x0000000711400000|  0%| F|  |TAMS 0x0000000711200000| PB 0x0000000711200000| Untracked |  0
|  91|0x0000000711400000, 0x0000000711400000, 0x0000000711600000|  0%| F|  |TAMS 0x0000000711400000| PB 0x0000000711400000| Untracked |  0
|  92|0x0000000711600000, 0x0000000711600000, 0x0000000711800000|  0%| F|  |TAMS 0x0000000711600000| PB 0x0000000711600000| Untracked |  0
|  93|0x0000000711800000, 0x0000000711800000, 0x0000000711a00000|  0%| F|  |TAMS 0x0000000711800000| PB 0x0000000711800000| Untracked |  0
|  94|0x0000000711a00000, 0x0000000711a00000, 0x0000000711c00000|  0%| F|  |TAMS 0x0000000711a00000| PB 0x0000000711a00000| Untracked |  0
|  95|0x0000000711c00000, 0x0000000711c00000, 0x0000000711e00000|  0%| F|  |TAMS 0x0000000711c00000| PB 0x0000000711c00000| Untracked |  0
|  96|0x0000000711e00000, 0x0000000711e00000, 0x0000000712000000|  0%| F|  |TAMS 0x0000000711e00000| PB 0x0000000711e00000| Untracked |  0
|  97|0x0000000712000000, 0x0000000712000000, 0x0000000712200000|  0%| F|  |TAMS 0x0000000712000000| PB 0x0000000712000000| Untracked |  0
|  98|0x0000000712200000, 0x0000000712200000, 0x0000000712400000|  0%| F|  |TAMS 0x0000000712200000| PB 0x0000000712200000| Untracked |  0
|  99|0x0000000712400000, 0x0000000712400000, 0x0000000712600000|  0%| F|  |TAMS 0x0000000712400000| PB 0x0000000712400000| Untracked |  0
| 100|0x0000000712600000, 0x0000000712600000, 0x0000000712800000|  0%| F|  |TAMS 0x0000000712600000| PB 0x0000000712600000| Untracked |  0
| 101|0x0000000712800000, 0x0000000712800000, 0x0000000712a00000|  0%| F|  |TAMS 0x0000000712800000| PB 0x0000000712800000| Untracked |  0
| 102|0x0000000712a00000, 0x0000000712a00000, 0x0000000712c00000|  0%| F|  |TAMS 0x0000000712a00000| PB 0x0000000712a00000| Untracked |  0
| 103|0x0000000712c00000, 0x0000000712c00000, 0x0000000712e00000|  0%| F|  |TAMS 0x0000000712c00000| PB 0x0000000712c00000| Untracked |  0
| 104|0x0000000712e00000, 0x0000000712e00000, 0x0000000713000000|  0%| F|  |TAMS 0x0000000712e00000| PB 0x0000000712e00000| Untracked |  0
| 105|0x0000000713000000, 0x0000000713000000, 0x0000000713200000|  0%| F|  |TAMS 0x0000000713000000| PB 0x0000000713000000| Untracked |  0
| 106|0x0000000713200000, 0x00000007132e02b8, 0x0000000713400000| 43%| S|CS|TAMS 0x0000000713200000| PB 0x0000000713200000| Complete |  0
| 107|0x0000000713400000, 0x0000000713600000, 0x0000000713600000|100%| S|CS|TAMS 0x0000000713400000| PB 0x0000000713400000| Complete |  0
| 108|0x0000000713600000, 0x0000000713800000, 0x0000000713800000|100%| O|Cr|TAMS 0x0000000713600000| PB 0x0000000713600000| Complete |  0
| 109|0x0000000713800000, 0x0000000713800000, 0x0000000713a00000|  0%| F|  |TAMS 0x0000000713800000| PB 0x0000000713800000| Untracked |  0
| 110|0x0000000713a00000, 0x0000000713a00000, 0x0000000713c00000|  0%| F|  |TAMS 0x0000000713a00000| PB 0x0000000713a00000| Untracked |  0
| 111|0x0000000713c00000, 0x0000000713c00000, 0x0000000713e00000|  0%| F|  |TAMS 0x0000000713c00000| PB 0x0000000713c00000| Untracked |  0
| 112|0x0000000713e00000, 0x0000000713e00000, 0x0000000714000000|  0%| F|  |TAMS 0x0000000713e00000| PB 0x0000000713e00000| Untracked |  0
| 113|0x0000000714000000, 0x0000000714000000, 0x0000000714200000|  0%| F|  |TAMS 0x0000000714000000| PB 0x0000000714000000| Untracked |  0
| 114|0x0000000714200000, 0x0000000714200000, 0x0000000714400000|  0%| F|  |TAMS 0x0000000714200000| PB 0x0000000714200000| Untracked |  0
| 115|0x0000000714400000, 0x0000000714400000, 0x0000000714600000|  0%| F|  |TAMS 0x0000000714400000| PB 0x0000000714400000| Untracked |  0
| 116|0x0000000714600000, 0x0000000714600000, 0x0000000714800000|  0%| F|  |TAMS 0x0000000714600000| PB 0x0000000714600000| Untracked |  0
| 117|0x0000000714800000, 0x0000000714a00000, 0x0000000714a00000|100%| E|  |TAMS 0x0000000714800000| PB 0x0000000714800000| Complete |  0
| 118|0x0000000714a00000, 0x0000000714c00000, 0x0000000714c00000|100%| E|CS|TAMS 0x0000000714a00000| PB 0x0000000714a00000| Complete |  0
| 119|0x0000000714c00000, 0x0000000714e00000, 0x0000000714e00000|100%| E|CS|TAMS 0x0000000714c00000| PB 0x0000000714c00000| Complete |  0
| 120|0x0000000714e00000, 0x0000000715000000, 0x0000000715000000|100%| E|CS|TAMS 0x0000000714e00000| PB 0x0000000714e00000| Complete |  0
| 121|0x0000000715000000, 0x0000000715200000, 0x0000000715200000|100%| E|CS|TAMS 0x0000000715000000| PB 0x0000000715000000| Complete |  0
| 122|0x0000000715200000, 0x0000000715400000, 0x0000000715400000|100%| E|CS|TAMS 0x0000000715200000| PB 0x0000000715200000| Complete |  0
| 123|0x0000000715400000, 0x0000000715600000, 0x0000000715600000|100%| E|CS|TAMS 0x0000000715400000| PB 0x0000000715400000| Complete |  0
| 124|0x0000000715600000, 0x0000000715800000, 0x0000000715800000|100%| E|CS|TAMS 0x0000000715600000| PB 0x0000000715600000| Complete |  0
| 125|0x0000000715800000, 0x0000000715a00000, 0x0000000715a00000|100%| E|CS|TAMS 0x0000000715800000| PB 0x0000000715800000| Complete |  0

Card table byte_map: [0x000001fc5b690000,0x000001fc5be70000] _byte_map_base: 0x000001fc57e61000

Marking Bits: (CMBitMap*) 0x000001fc414397c0
 Bits: [0x000001fc5be70000, 0x000001fc5fcf8000)

Polling page: 0x000001fc41140000

Metaspace:

Usage:
  Non-class:     16.92 MB used.
      Class:      2.37 MB used.
       Both:     19.29 MB used.

Virtual space:
  Non-class space:       64.00 MB reserved,      17.12 MB ( 27%) committed,  1 nodes.
      Class space:        1.00 GB reserved,       2.50 MB ( <1%) committed,  1 nodes.
             Both:        1.06 GB reserved,      19.62 MB (  2%) committed. 

Chunk freelists:
   Non-Class:  14.86 MB
       Class:  13.39 MB
        Both:  28.25 MB

MaxMetaspaceSize: unlimited
CompressedClassSpaceSize: 1.00 GB
Initial GC threshold: 21.00 MB
Current GC threshold: 21.00 MB
CDS: on
 - commit_granule_bytes: 65536.
 - commit_granule_words: 8192.
 - virtual_space_node_default_size: 8388608.
 - enlarge_chunks_in_place: 1.
 - use_allocation_guard: 0.


Internal statistics:

num_allocs_failed_limit: 0.
num_arena_births: 316.
num_arena_deaths: 0.
num_vsnodes_births: 2.
num_vsnodes_deaths: 0.
num_space_committed: 314.
num_space_uncommitted: 0.
num_chunks_returned_to_freelist: 0.
num_chunks_taken_from_freelist: 946.
num_chunk_merges: 0.
num_chunk_splits: 624.
num_chunks_enlarged: 441.
num_inconsistent_stats: 0.

CodeHeap 'non-profiled nmethods': size=119168Kb used=991Kb max_used=991Kb free=118176Kb
 bounds [0x000001fc52a90000, 0x000001fc52d00000, 0x000001fc59ef0000]
CodeHeap 'profiled nmethods': size=119104Kb used=4873Kb max_used=4873Kb free=114230Kb
 bounds [0x000001fc4aef0000, 0x000001fc4b3c0000, 0x000001fc52340000]
CodeHeap 'non-nmethods': size=7488Kb used=3169Kb max_used=3189Kb free=4318Kb
 bounds [0x000001fc52340000, 0x000001fc52660000, 0x000001fc52a90000]
 total_blobs=3139 nmethods=2597 adapters=441
 compilation: enabled
              stopped_count=0, restarted_count=0
 full_count=0

Compilation events (20 events):
Event: 1.021 Thread 0x000001fc621d8770 nmethod 2559 0x000001fc52b76490 code [0x000001fc52b76680, 0x000001fc52b76d50]
Event: 1.021 Thread 0x000001fca82509d0 2565 %     4       java.util.Properties::load0 @ 29 (249 bytes)
Event: 1.025 Thread 0x000001fca90a2e90 2566       4       jdk.internal.org.objectweb.asm.MethodWriter::visitCode (1 bytes)
Event: 1.025 Thread 0x000001fca90a2e90 nmethod 2566 0x000001fc52b77010 code [0x000001fc52b77180, 0x000001fc52b77208]
Event: 1.031 Thread 0x000001fca817ae60 2567       3       java.util.Arrays$ArrayList::size (6 bytes)
Event: 1.031 Thread 0x000001fc621dc720 2568       3       java.lang.AbstractStringBuilder::setLength (82 bytes)
Event: 1.032 Thread 0x000001fca817ae60 nmethod 2567 0x000001fc4b39fe10 code [0x000001fc4b39ffa0, 0x000001fc4b3a00b8]
Event: 1.032 Thread 0x000001fca8742a10 2569       3       java.lang.invoke.BoundMethodHandle$SpeciesData::extendWith (64 bytes)
Event: 1.032 Thread 0x000001fc621dd6b0 2570   !   3       java.lang.invoke.BoundMethodHandle$Species_L::copyWithExtendL (31 bytes)
Event: 1.032 Thread 0x000001fc621dc720 nmethod 2568 0x000001fc4b3a0190 code [0x000001fc4b3a03a0, 0x000001fc4b3a08a8]
Event: 1.032 Thread 0x000001fc621dd6b0 nmethod 2570 0x000001fc4b3a0a90 code [0x000001fc4b3a0c80, 0x000001fc4b3a1200]
Event: 1.032 Thread 0x000001fca8742a10 nmethod 2569 0x000001fc4b3a1490 code [0x000001fc4b3a16e0, 0x000001fc4b3a2030]
Event: 1.033 Thread 0x000001fca8742a10 2571       3       java.lang.invoke.LambdaForm$MH/0x000001fc64016800::invoke (32 bytes)
Event: 1.033 Thread 0x000001fc621dd6b0 2572       3       java.lang.invoke.DirectMethodHandle$Holder::invokeStatic (21 bytes)
Event: 1.033 Thread 0x000001fc621dc720 2573       3       java.lang.StringConcatHelper::prepend (17 bytes)
Event: 1.034 Thread 0x000001fc621d8770 2574       4       java.util.Arrays::copyOf (33 bytes)
Event: 1.034 Thread 0x000001fc621dc720 nmethod 2573 0x000001fc4b3a2390 code [0x000001fc4b3a2540, 0x000001fc4b3a2698]
Event: 1.034 Thread 0x000001fc621dd6b0 nmethod 2572 0x000001fc4b3a2790 code [0x000001fc4b3a2960, 0x000001fc4b3a2e28]
Event: 1.034 Thread 0x000001fca8742a10 nmethod 2571 0x000001fc4b3a2f90 code [0x000001fc4b3a3140, 0x000001fc4b3a35d0]
Event: 1.035 Thread 0x000001fca82509d0 nmethod 2565% 0x000001fc52b77310 code [0x000001fc52b77520, 0x000001fc52b78030]

GC Heap History (4 events):
Event: 0.459 GC heap before
{Heap before GC invocations=0 (full 0):
 garbage-first heap   total reserved 4098048K, committed 258048K, used 24576K [0x0000000705e00000, 0x0000000800000000)
  region size 2048K, 12 young (24576K), 0 survivors (0K)
 Metaspace       used 6399K, committed 6656K, reserved 1114112K
  class space    used 738K, committed 832K, reserved 1048576K
}
Event: 0.463 GC heap after
{Heap after GC invocations=1 (full 0):
 garbage-first heap   total reserved 4098048K, committed 258048K, used 7425K [0x0000000705e00000, 0x0000000800000000)
  region size 2048K, 2 young (4096K), 2 survivors (4096K)
 Metaspace       used 6399K, committed 6656K, reserved 1114112K
  class space    used 738K, committed 832K, reserved 1048576K
}
Event: 0.872 GC heap before
{Heap before GC invocations=1 (full 0):
 garbage-first heap   total reserved 4098048K, committed 258048K, used 40193K [0x0000000705e00000, 0x0000000800000000)
  region size 2048K, 18 young (36864K), 2 survivors (4096K)
 Metaspace       used 15841K, committed 16128K, reserved 1114112K
  class space    used 1907K, committed 2048K, reserved 1048576K
}
Event: 0.875 GC heap after
{Heap after GC invocations=2 (full 0):
 garbage-first heap   total reserved 4098048K, committed 258048K, used 12307K [0x0000000705e00000, 0x0000000800000000)
  region size 2048K, 2 young (4096K), 2 survivors (4096K)
 Metaspace       used 15841K, committed 16128K, reserved 1114112K
  class space    used 1907K, committed 2048K, reserved 1048576K
}

Dll operation events (12 events):
Event: 0.007 Loaded shared library C:\Program Files\Java\jdk-22\bin\java.dll
Event: 0.028 Loaded shared library C:\Program Files\Java\jdk-22\bin\jsvml.dll
Event: 0.074 Loaded shared library C:\Program Files\Java\jdk-22\bin\zip.dll
Event: 0.077 Loaded shared library C:\Program Files\Java\jdk-22\bin\instrument.dll
Event: 0.080 Loaded shared library C:\Program Files\Java\jdk-22\bin\net.dll
Event: 0.081 Loaded shared library C:\Program Files\Java\jdk-22\bin\nio.dll
Event: 0.083 Loaded shared library C:\Program Files\Java\jdk-22\bin\zip.dll
Event: 0.141 Loaded shared library C:\Program Files\JetBrains\IntelliJ IDEA Community Edition 2024.3.2.2\bin\breakgen64.dll
Event: 0.146 Loaded shared library C:\Program Files\Java\jdk-22\bin\extnet.dll
Event: 0.168 Loaded shared library C:\Program Files\Java\jdk-22\bin\jimage.dll
Event: 0.675 Loaded shared library C:\Program Files\Java\jdk-22\bin\le.dll
Event: 0.977 Loaded shared library C:\Program Files\Java\jdk-22\bin\sunmscapi.dll

Deoptimization events (20 events):
Event: 1.018 Thread 0x000001fc41186ae0 DEOPT PACKING pc=0x000001fc4b05b20d sp=0x00000059e82fe9d0
Event: 1.018 Thread 0x000001fc41186ae0 DEOPT UNPACKING pc=0x000001fc52394e42 sp=0x00000059e82fdec8 mode 0
Event: 1.019 Thread 0x000001fc41186ae0 DEOPT PACKING pc=0x000001fc4b05b20d sp=0x00000059e82fe9d0
Event: 1.019 Thread 0x000001fc41186ae0 DEOPT UNPACKING pc=0x000001fc52394e42 sp=0x00000059e82fdec8 mode 0
Event: 1.019 Thread 0x000001fc41186ae0 DEOPT PACKING pc=0x000001fc4b05b20d sp=0x00000059e82fe9d0
Event: 1.019 Thread 0x000001fc41186ae0 DEOPT UNPACKING pc=0x000001fc52394e42 sp=0x00000059e82fdec8 mode 0
Event: 1.019 Thread 0x000001fc41186ae0 DEOPT PACKING pc=0x000001fc4b05b20d sp=0x00000059e82fe9d0
Event: 1.019 Thread 0x000001fc41186ae0 DEOPT UNPACKING pc=0x000001fc52394e42 sp=0x00000059e82fdec8 mode 0
Event: 1.020 Thread 0x000001fc41186ae0 DEOPT PACKING pc=0x000001fc4b05b20d sp=0x00000059e82fe9d0
Event: 1.020 Thread 0x000001fc41186ae0 DEOPT UNPACKING pc=0x000001fc52394e42 sp=0x00000059e82fdec8 mode 0
Event: 1.021 Thread 0x000001fc41186ae0 DEOPT PACKING pc=0x000001fc4b05b20d sp=0x00000059e82fe9a0
Event: 1.021 Thread 0x000001fc41186ae0 DEOPT UNPACKING pc=0x000001fc52394e42 sp=0x00000059e82fde90 mode 0
Event: 1.021 Thread 0x000001fc41186ae0 DEOPT PACKING pc=0x000001fc4b05b20d sp=0x00000059e82fe9a0
Event: 1.021 Thread 0x000001fc41186ae0 DEOPT UNPACKING pc=0x000001fc52394e42 sp=0x00000059e82fde90 mode 0
Event: 1.021 Thread 0x000001fc41186ae0 DEOPT PACKING pc=0x000001fc4b05b20d sp=0x00000059e82fe9a0
Event: 1.021 Thread 0x000001fc41186ae0 DEOPT UNPACKING pc=0x000001fc52394e42 sp=0x00000059e82fde90 mode 0
Event: 1.021 Thread 0x000001fc41186ae0 DEOPT PACKING pc=0x000001fc4b05b20d sp=0x00000059e82fe9a0
Event: 1.021 Thread 0x000001fc41186ae0 DEOPT UNPACKING pc=0x000001fc52394e42 sp=0x00000059e82fde90 mode 0
Event: 1.022 Thread 0x000001fc41186ae0 DEOPT PACKING pc=0x000001fc4b05b20d sp=0x00000059e82fe9a0
Event: 1.022 Thread 0x000001fc41186ae0 DEOPT UNPACKING pc=0x000001fc52394e42 sp=0x00000059e82fde90 mode 0

Classes loaded (20 events):
Event: 0.980 Loading class java/security/PrivilegedActionException
Event: 0.980 Loading class java/security/PrivilegedActionException done
Event: 0.980 Loading class javax/security/auth/login/FailedLoginException
Event: 0.980 Loading class javax/security/auth/login/FailedLoginException done
Event: 0.981 Loading class javax/security/auth/Subject
Event: 0.981 Loading class javax/security/auth/Subject done
Event: 0.981 Loading class javax/security/auth/callback/CallbackHandler
Event: 0.981 Loading class javax/security/auth/callback/CallbackHandler done
Event: 0.987 Loading class com/sun/security/sasl/Provider
Event: 0.987 Loading class com/sun/security/sasl/Provider done
Event: 0.987 Loading class com/sun/security/sasl/Provider$1
Event: 0.987 Loading class com/sun/security/sasl/Provider$1 done
Event: 0.987 Loading class com/sun/security/sasl/Provider$ProviderService
Event: 0.987 Loading class com/sun/security/sasl/Provider$ProviderService done
Event: 0.987 Loading class sun/security/provider/certpath/ldap/JdkLDAP
Event: 0.987 Loading class sun/security/provider/certpath/ldap/JdkLDAP done
Event: 0.987 Loading class sun/security/provider/certpath/ldap/JdkLDAP$ProviderService
Event: 0.987 Loading class sun/security/provider/certpath/ldap/JdkLDAP$ProviderService done
Event: 1.025 Loading class java/lang/Thread$ThreadNumbering
Event: 1.025 Loading class java/lang/Thread$ThreadNumbering done

Classes unloaded (0 events):
No events

Classes redefined (0 events):
No events

Internal exceptions (20 events):
Event: 0.644 Thread 0x000001fc41186ae0 Exception <a 'java/lang/NoSuchMethodError'{0x00000007151e7b20}: 'java.lang.reflect.Field[] java.lang.Class.getDeclaredFields(java.lang.Class)'> (0x00000007151e7b20) 
thrown [s\open\src\hotspot\share\interpreter\linkResolver.cpp, line 774]
Event: 0.645 Thread 0x000001fc41186ae0 Exception <a 'java/lang/NoSuchMethodError'{0x00000007151ec4d0}: 'java.lang.Object java.lang.invoke.DirectMethodHandle$Holder.invokeStatic(java.lang.Object, java.lang.Object, int)'> (0x00000007151ec4d0) 
thrown [s\open\src\hotspot\share\interpreter\linkResolver.cpp, line 774]
Event: 0.646 Thread 0x000001fc41186ae0 Exception <a 'java/lang/NoSuchMethodError'{0x00000007151f7640}: 'void java.lang.invoke.DelegatingMethodHandle$Holder.delegate(java.lang.Object, java.lang.Object, int, java.lang.Object)'> (0x00000007151f7640) 
thrown [s\open\src\hotspot\share\interpreter\linkResolver.cpp, line 774]
Event: 0.657 Thread 0x000001fc41186ae0 Exception <a 'java/lang/IncompatibleClassChangeError'{0x0000000714f8edb0}: Found class java.lang.Object, but interface was expected> (0x0000000714f8edb0) 
thrown [s\open\src\hotspot\share\interpreter\linkResolver.cpp, line 841]
Event: 0.661 Thread 0x000001fc41186ae0 Exception <a 'java/lang/NoSuchMethodError'{0x0000000714fa6118}: 'java.lang.Object java.lang.invoke.DirectMethodHandle$Holder.invokeStaticInit(java.lang.Object, int)'> (0x0000000714fa6118) 
thrown [s\open\src\hotspot\share\interpreter\linkResolver.cpp, line 774]
Event: 0.662 Thread 0x000001fc41186ae0 Exception <a 'java/lang/NoSuchMethodError'{0x0000000714fb04f8}: 'java.lang.Object java.lang.invoke.DirectMethodHandle$Holder.invokeStatic(java.lang.Object, int, java.lang.Object)'> (0x0000000714fb04f8) 
thrown [s\open\src\hotspot\share\interpreter\linkResolver.cpp, line 774]
Event: 0.663 Thread 0x000001fc41186ae0 Exception <a 'java/lang/NoSuchMethodError'{0x0000000714fb3b78}: 'java.lang.Object java.lang.invoke.DirectMethodHandle$Holder.invokeStaticInit(java.lang.Object, int, java.lang.Object)'> (0x0000000714fb3b78) 
thrown [s\open\src\hotspot\share\interpreter\linkResolver.cpp, line 774]
Event: 0.672 Thread 0x000001fc41186ae0 Exception <a 'sun/nio/fs/WindowsException'{0x0000000714c74338}> (0x0000000714c74338) 
thrown [s\open\src\hotspot\share\prims\jni.cpp, line 520]
Event: 0.676 Thread 0x000001fc41186ae0 Exception <a 'jdk/internal/org/jline/terminal/impl/jna/LastErrorException'{0x0000000714c809d8}> (0x0000000714c809d8) 
thrown [s\open\src\hotspot\share\prims\jni.cpp, line 520]
Event: 0.677 Thread 0x000001fc41186ae0 Exception <a 'jdk/internal/org/jline/terminal/impl/jna/LastErrorException'{0x0000000714c81098}> (0x0000000714c81098) 
thrown [s\open\src\hotspot\share\prims\jni.cpp, line 520]
Event: 0.677 Thread 0x000001fc41186ae0 Exception <a 'jdk/internal/org/jline/terminal/impl/jna/LastErrorException'{0x0000000714c81708}> (0x0000000714c81708) 
thrown [s\open\src\hotspot\share\prims\jni.cpp, line 520]
Event: 0.726 Thread 0x000001fc41186ae0 Exception <a 'java/lang/NoSuchMethodError'{0x00000007148f5c10}: 'int java.lang.invoke.DirectMethodHandle$Holder.invokeVirtual(java.lang.Object, java.lang.Object)'> (0x00000007148f5c10) 
thrown [s\open\src\hotspot\share\interpreter\linkResolver.cpp, line 774]
Event: 0.907 Thread 0x000001fca8171ce0 Exception <a 'java/lang/NoSuchMethodError'{0x00000007155080c0}: 'long java.lang.invoke.DirectMethodHandle$Holder.invokeSpecial(java.lang.Object, java.lang.Object)'> (0x00000007155080c0) 
thrown [s\open\src\hotspot\share\interpreter\linkResolver.cpp, line 774]
Event: 0.908 Thread 0x000001fca8171ce0 Exception <a 'java/lang/NoSuchMethodError'{0x0000000715511f20}: 'long java.lang.invoke.DirectMethodHandle$Holder.invokeStatic(java.lang.Object, java.lang.Object)'> (0x0000000715511f20) 
thrown [s\open\src\hotspot\share\interpreter\linkResolver.cpp, line 774]
Event: 0.908 Thread 0x000001fca8171ce0 Exception <a 'java/lang/NoSuchMethodError'{0x0000000715515008}: 'long java.lang.invoke.DirectMethodHandle$Holder.invokeStaticInit(java.lang.Object, java.lang.Object)'> (0x0000000715515008) 
thrown [s\open\src\hotspot\share\interpreter\linkResolver.cpp, line 774]
Event: 0.910 Thread 0x000001fca8171ce0 Exception <a 'java/lang/NoSuchMethodError'{0x0000000715521450}: 'long java.lang.invoke.DirectMethodHandle$Holder.invokeInterface(java.lang.Object, java.lang.Object)'> (0x0000000715521450) 
thrown [s\open\src\hotspot\share\interpreter\linkResolver.cpp, line 774]
Event: 0.910 Thread 0x000001fca8171ce0 Exception <a 'java/lang/IncompatibleClassChangeError'{0x0000000715524460}: Found class java.lang.Object, but interface was expected> (0x0000000715524460) 
thrown [s\open\src\hotspot\share\interpreter\linkResolver.cpp, line 841]
Event: 0.912 Thread 0x000001fca8171ce0 Exception <a 'java/lang/NoSuchMethodError'{0x0000000715539fb0}: 'java.lang.Object java.lang.invoke.DirectMethodHandle$Holder.invokeVirtual(java.lang.Object, java.lang.Object, java.lang.Object, java.lang.Object)'> (0x0000000715539fb0) 
thrown [s\open\src\hotspot\share\interpreter\linkResolver.cpp, line 774]
Event: 0.938 Thread 0x000001fc41186ae0 Exception <a 'java/lang/NoSuchMethodError'{0x00000007153cd3f8}: 'int java.lang.invoke.DirectMethodHandle$Holder.invokeSpecial(java.lang.Object, java.lang.Object, java.lang.Object, java.lang.Object, java.lang.Object)'> (0x00000007153cd3f8) 
thrown [s\open\src\hotspot\share\interpreter\linkResolver.cpp, line 774]
Event: 0.939 Thread 0x000001fc41186ae0 Exception <a 'java/lang/NoSuchMethodError'{0x00000007153d5958}: 'void java.lang.invoke.DirectMethodHandle$Holder.invokeVirtual(java.lang.Object, java.lang.Object)'> (0x00000007153d5958) 
thrown [s\open\src\hotspot\share\interpreter\linkResolver.cpp, line 774]

ZGC Phase Switch (0 events):
No events

VM Operations (20 events):
Event: 0.636 Executing VM operation: ICBufferFull
Event: 0.636 Executing VM operation: ICBufferFull done
Event: 0.645 Executing VM operation: HandshakeAllThreads (Deoptimize)
Event: 0.645 Executing VM operation: HandshakeAllThreads (Deoptimize) done
Event: 0.664 Executing VM operation: HandshakeAllThreads (Deoptimize)
Event: 0.664 Executing VM operation: HandshakeAllThreads (Deoptimize) done
Event: 0.779 Executing VM operation: HandshakeAllThreads (Deoptimize)
Event: 0.779 Executing VM operation: HandshakeAllThreads (Deoptimize) done
Event: 0.871 Executing VM operation: G1CollectForAllocation (G1 Evacuation Pause)
Event: 0.875 Executing VM operation: G1CollectForAllocation (G1 Evacuation Pause) done
Event: 0.891 Executing VM operation: HandshakeAllThreads (Deoptimize)
Event: 0.891 Executing VM operation: HandshakeAllThreads (Deoptimize) done
Event: 0.923 Executing VM operation: HandshakeAllThreads (Deoptimize)
Event: 0.923 Executing VM operation: HandshakeAllThreads (Deoptimize) done
Event: 0.938 Executing VM operation: HandshakeAllThreads (Deoptimize)
Event: 0.938 Executing VM operation: HandshakeAllThreads (Deoptimize) done
Event: 0.942 Executing VM operation: HandshakeAllThreads (Deoptimize)
Event: 0.942 Executing VM operation: HandshakeAllThreads (Deoptimize) done
Event: 0.959 Executing VM operation: HandshakeAllThreads (Deoptimize)
Event: 0.959 Executing VM operation: HandshakeAllThreads (Deoptimize) done

Events (20 events):
Event: 0.026 Thread 0x000001fc621d5250 Thread added: 0x000001fc621d5250
Event: 0.026 Thread 0x000001fca8008090 Thread added: 0x000001fca8008090
Event: 0.026 Thread 0x000001fc621d8770 Thread added: 0x000001fc621d8770
Event: 0.026 Thread 0x000001fc621dc720 Thread added: 0x000001fc621dc720
Event: 0.030 Thread 0x000001fc621dd6b0 Thread added: 0x000001fc621dd6b0
Event: 0.062 Thread 0x000001fca8173090 Thread added: 0x000001fca8173090
Event: 0.066 Thread 0x000001fca817ae60 Thread added: 0x000001fca817ae60
Event: 0.100 Thread 0x000001fca82509d0 Thread added: 0x000001fca82509d0
Event: 0.141 Thread 0x000001fca816fc10 Thread added: 0x000001fca816fc10
Event: 0.141 Thread 0x000001fca81702a0 Thread added: 0x000001fca81702a0
Event: 0.237 Thread 0x000001fca8742a10 Thread added: 0x000001fca8742a10
Event: 0.252 Thread 0x000001fca86a5290 Thread added: 0x000001fca86a5290
Event: 0.638 Thread 0x000001fca8171ce0 Thread added: 0x000001fca8171ce0
Event: 0.712 Thread 0x000001fca90a2e90 Thread added: 0x000001fca90a2e90
Event: 0.712 Thread 0x000001fca8e4b670 Thread added: 0x000001fca8e4b670
Event: 0.712 Thread 0x000001fca900bec0 Thread added: 0x000001fca900bec0
Event: 0.712 Thread 0x000001fca900d590 Thread added: 0x000001fca900d590
Event: 0.713 Thread 0x000001fca900ece0 Thread added: 0x000001fca900ece0
Event: 0.989 Thread 0x000001fca8171ce0 Thread exited: 0x000001fca8171ce0
Event: 1.025 Thread 0x000001fca8171ce0 Thread added: 0x000001fca8171ce0


Dynamic libraries:
0x00007ff6feae0000 - 0x00007ff6feaf0000 	C:\Program Files\Java\jdk-22\bin\java.exe
0x00007ff825df0000 - 0x00007ff826007000 	C:\Windows\SYSTEM32\ntdll.dll
0x00007ff823bb0000 - 0x00007ff823c74000 	C:\Windows\System32\KERNEL32.DLL
0x00007ff823470000 - 0x00007ff82382a000 	C:\Windows\System32\KERNELBASE.dll
0x00007ff8238b0000 - 0x00007ff8239c1000 	C:\Windows\System32\ucrtbase.dll
0x00007ff8126e0000 - 0x00007ff8126fb000 	C:\Program Files\Java\jdk-22\bin\VCRUNTIME140.dll
0x00007ff8138d0000 - 0x00007ff8138e7000 	C:\Program Files\Java\jdk-22\bin\jli.dll
0x00007ff823af0000 - 0x00007ff823ba2000 	C:\Windows\System32\ADVAPI32.dll
0x00007ff824400000 - 0x00007ff8244a7000 	C:\Windows\System32\msvcrt.dll
0x00007ff824ad0000 - 0x00007ff824b77000 	C:\Windows\System32\sechost.dll
0x00007ff8230c0000 - 0x00007ff8230e8000 	C:\Windows\System32\bcrypt.dll
0x00007ff824990000 - 0x00007ff824aa4000 	C:\Windows\System32\RPCRT4.dll
0x00007ff824670000 - 0x00007ff82481e000 	C:\Windows\System32\USER32.dll
0x00007ff823320000 - 0x00007ff823346000 	C:\Windows\System32\win32u.dll
0x00007ff825d80000 - 0x00007ff825da9000 	C:\Windows\System32\GDI32.dll
0x00007ff823350000 - 0x00007ff82346b000 	C:\Windows\System32\gdi32full.dll
0x00007ff812190000 - 0x00007ff812422000 	C:\Windows\WinSxS\amd64_microsoft.windows.common-controls_6595b64144ccf1df_6.0.22621.4541_none_2710d1c57384c085\COMCTL32.dll
0x00007ff823a50000 - 0x00007ff823aea000 	C:\Windows\System32\msvcp_win.dll
0x00007ff81b960000 - 0x00007ff81b96a000 	C:\Windows\SYSTEM32\VERSION.dll
0x00007ff824e80000 - 0x00007ff824eb1000 	C:\Windows\System32\IMM32.DLL
0x00007ff8126d0000 - 0x00007ff8126dc000 	C:\Program Files\Java\jdk-22\bin\vcruntime140_1.dll
0x00007fffe3cb0000 - 0x00007fffe3d3e000 	C:\Program Files\Java\jdk-22\bin\msvcp140.dll
0x00007fffc8ca0000 - 0x00007fffc99e8000 	C:\Program Files\Java\jdk-22\bin\server\jvm.dll
0x00007ff824e00000 - 0x00007ff824e71000 	C:\Windows\System32\WS2_32.dll
0x00007ff81df90000 - 0x00007ff81dfc4000 	C:\Windows\SYSTEM32\WINMM.dll
0x00007ff821f10000 - 0x00007ff821f5d000 	C:\Windows\SYSTEM32\POWRPROF.dll
0x00007ff821ef0000 - 0x00007ff821f03000 	C:\Windows\SYSTEM32\UMPDC.dll
0x00007ff8221b0000 - 0x00007ff8221c8000 	C:\Windows\SYSTEM32\kernel.appcore.dll
0x00007ff8126c0000 - 0x00007ff8126ca000 	C:\Program Files\Java\jdk-22\bin\jimage.dll
0x00007ff820370000 - 0x00007ff8205a2000 	C:\Windows\SYSTEM32\DBGHELP.DLL
0x00007ff824ec0000 - 0x00007ff82524f000 	C:\Windows\System32\combase.dll
0x00007ff823cf0000 - 0x00007ff823dc7000 	C:\Windows\System32\OLEAUT32.dll
0x00007ff819810000 - 0x00007ff819842000 	C:\Windows\SYSTEM32\dbgcore.DLL
0x00007ff8239d0000 - 0x00007ff823a4b000 	C:\Windows\System32\bcryptPrimitives.dll
0x00007ff811ee0000 - 0x00007ff811eef000 	C:\Program Files\Java\jdk-22\bin\instrument.dll
0x00007ff811c20000 - 0x00007ff811c3e000 	C:\Program Files\Java\jdk-22\bin\java.dll
0x00007ff825500000 - 0x00007ff825d78000 	C:\Windows\System32\SHELL32.dll
0x00007ff825350000 - 0x00007ff8254f5000 	C:\Windows\System32\ole32.dll
0x00007ff820fc0000 - 0x00007ff8218c8000 	C:\Windows\SYSTEM32\windows.storage.dll
0x00007ff820e80000 - 0x00007ff820fbf000 	C:\Windows\SYSTEM32\wintypes.dll
0x00007ff824b90000 - 0x00007ff824c8a000 	C:\Windows\System32\SHCORE.dll
0x00007ff824c90000 - 0x00007ff824cee000 	C:\Windows\System32\shlwapi.dll
0x00007ff822ff0000 - 0x00007ff82301b000 	C:\Windows\SYSTEM32\profapi.dll
0x00007fffdc280000 - 0x00007fffdc357000 	C:\Program Files\Java\jdk-22\bin\jsvml.dll
0x00007ff80a030000 - 0x00007ff80a047000 	C:\Program Files\Java\jdk-22\bin\zip.dll
0x00007ff8126b0000 - 0x00007ff8126c0000 	C:\Program Files\Java\jdk-22\bin\net.dll
0x00007ff822620000 - 0x00007ff822689000 	C:\Windows\system32\mswsock.dll
0x00007ff810790000 - 0x00007ff8107a6000 	C:\Program Files\Java\jdk-22\bin\nio.dll
0x00007ff8084b0000 - 0x00007ff8084ca000 	C:\Program Files\JetBrains\IntelliJ IDEA Community Edition 2024.3.2.2\bin\breakgen64.dll
0x00007ff810c40000 - 0x00007ff810c49000 	C:\Program Files\Java\jdk-22\bin\extnet.dll
0x00007ff80a2b0000 - 0x00007ff80a2bb000 	C:\Program Files\Java\jdk-22\bin\le.dll
0x00007ff80c7b0000 - 0x00007ff80c7be000 	C:\Program Files\Java\jdk-22\bin\sunmscapi.dll
0x00007ff8231b0000 - 0x00007ff823316000 	C:\Windows\System32\CRYPT32.dll
0x00007ff822a80000 - 0x00007ff822aad000 	C:\Windows\SYSTEM32\ncrypt.dll
0x00007ff822a40000 - 0x00007ff822a77000 	C:\Windows\SYSTEM32\NTASN1.dll

dbghelp: loaded successfully - version: 4.0.5 - missing functions: none
symbol engine: initialized successfully - sym options: 0x614 - pdb path: .;C:\Program Files\Java\jdk-22\bin;C:\Windows\SYSTEM32;C:\Windows\WinSxS\amd64_microsoft.windows.common-controls_6595b64144ccf1df_6.0.22621.4541_none_2710d1c57384c085;C:\Program Files\Java\jdk-22\bin\server;C:\Program Files\JetBrains\IntelliJ IDEA Community Edition 2024.3.2.2\bin

VM Arguments:
jvm_args: -javaagent:C:\Program Files\JetBrains\IntelliJ IDEA Community Edition 2024.3.2.2\lib\idea_rt.jar=59522:C:\Program Files\JetBrains\IntelliJ IDEA Community Edition 2024.3.2.2\bin -Dfile.encoding=UTF-8 -Dsun.stdout.encoding=UTF-8 -Dsun.stderr.encoding=UTF-8 
java_command: backend.BackendApplication
java_class_path (initial): C:\Users\Admin\Documents\Spring_react\Inventory management\backend\backend\target\classes;C:\Users\Admin\.m2\repository\org\springframework\boot\spring-boot-starter-data-jpa\3.4.2\spring-boot-starter-data-jpa-3.4.2.jar;C:\Users\Admin\.m2\repository\org\springframework\boot\spring-boot-starter\3.4.2\spring-boot-starter-3.4.2.jar;C:\Users\Admin\.m2\repository\org\springframework\boot\spring-boot\3.4.2\spring-boot-3.4.2.jar;C:\Users\Admin\.m2\repository\org\springframework\boot\spring-boot-autoconfigure\3.4.2\spring-boot-autoconfigure-3.4.2.jar;C:\Users\Admin\.m2\repository\org\springframework\boot\spring-boot-starter-logging\3.4.2\spring-boot-starter-logging-3.4.2.jar;C:\Users\Admin\.m2\repository\ch\qos\logback\logback-classic\1.5.16\logback-classic-1.5.16.jar;C:\Users\Admin\.m2\repository\ch\qos\logback\logback-core\1.5.16\logback-core-1.5.16.jar;C:\Users\Admin\.m2\repository\org\apache\logging\log4j\log4j-to-slf4j\2.24.3\log4j-to-slf4j-2.24.3.jar;C:\Users\Admin\.m2\repository\org\apache\logging\log4j\log4j-api\2.24.3\log4j-api-2.24.3.jar;C:\Users\Admin\.m2\repository\org\slf4j\jul-to-slf4j\2.0.16\jul-to-slf4j-2.0.16.jar;C:\Users\Admin\.m2\repository\jakarta\annotation\jakarta.annotation-api\2.1.1\jakarta.annotation-api-2.1.1.jar;C:\Users\Admin\.m2\repository\org\yaml\snakeyaml\2.3\snakeyaml-2.3.jar;C:\Users\Admin\.m2\repository\org\springframework\boot\spring-boot-starter-jdbc\3.4.2\spring-boot-starter-jdbc-3.4.2.jar;C:\Users\Admin\.m2\repository\com\zaxxer\HikariCP\5.1.0\HikariCP-5.1.0.jar;C:\Users\Admin\.m2\repository\org\springframework\spring-jdbc\6.2.2\spring-jdbc-6.2.2.jar;C:\Users\Admin\.m2\repository\org\hibernate\orm\hibernate-core\6.6.5.Final\hibernate-core-6.6.5.Final.jar;C:\Users\Admin\.m2\repository\jakarta\persistence\jakarta.persistence-api\3.1.0\jakarta.persistence-api-3.1.0.jar;C:\Users\Admin\.m2\repository\jakarta\transaction\jakarta.transaction-api\2.0.1\jakarta.transaction-api-2.0.1.jar;C:\Users\Admin\.m2\repository\org\jboss\logging\jboss-logging\3.6.1.Final\jboss-logging-3.6.1.Final.jar;C:\Users\Admin\.m2\repository\org\hibernate\common\hibernate-commons-annotations\7.0.3.Final\hibernate-commons-annotations-7.0.3.Final.jar;C:\Users\Admin\.m2\repository\io\smallrye\jandex\3.2.0\jandex-3.2.0.jar;C:\Users\Admin\.m2\repository\com\fasterxml\classmate\1.7.0\classmate-1.7.0.jar;C:\Users\Admin\.m2\repository\net\bytebuddy\byte-buddy\1.15.11\byte-buddy-1.15.11.jar;C:\Users\Admin\.m2\repository\org\glassfish\jaxb\jaxb-runtime\4.0.5\jaxb-runtime-4.0.5.jar;C:\Users\Admin\.m2\repository\org\glassfish\jaxb\jaxb-core\4.0.5\jaxb-core-4.0.5.jar;C:\Users\Admin\.m2\repository\org\eclipse\angus\angus-activation\2.0.2\angus-activation-2.0.2.jar;C:\Users\Admin\.m2\repository\org\glassfish\jaxb\txw2\4.0.5\txw2-4.0.5.jar;C:\Users\Admin\.m2\repository\com\sun\istack\istack-commons-runtime\4.1.2\istack-commons-runtime-4.1.2.jar;C:\Users\Admin\.m2\repository\jakarta\inject\jakarta.inject-api\2.0.1\jakarta.inject-api-2.0.1.jar;C:\Users\Admin\.m2\repository\org\antlr\antlr4-runtime\4.13.0\antlr4-runtime-4.13.0.jar;C:\Users\Admin\.m2\repository\org\springframework\data\spring-data-jpa\3.4.2\spring-data-jpa-3.4.2.jar;C:\Users\Admin\.m2\repository\org\springframework\data\spring-data-commons\3.4.2\spring-data-commons-3.4.2.jar;C:\Users\Admin\.m2\repository\org\springframework\spring-orm\6.2.2\spring-orm-6.2.2.jar;C:\Users\Admin\.m2\repository\org\springframework\spring-context\6.2.2\spring-context-6.2.2.jar;C:\Users\Admin\.m2\repository\org\springframework\spring-aop\6.2.2\spring-aop-6.2.2.jar;C:\Users\Admin\.m2\repository\org\springframework\spring-tx\6.2.2\spring-tx-6.2.2.jar;C:\Users\Admin\.m2\repository\org\springframework\spring-beans\6.2.2\spring-beans-6.2.2.jar;C:\Users\Admin\.m2\repository\org\slf4j\slf4j-api\2.0.16\slf4j-api-2.0.16.jar;C:\Users\Admin\.m2\repository\org\springframework\spring-aspects\6.2.2\spring-aspects-6.2.2.jar;C:\Users\Admin\.m2\repository\org\aspectj\aspectjweaver\1.9.22.1\aspectjweaver-1.9.22.1.jar;C:\Users\Admin\.m2\repository\org\springframework\boot\spring-boot-starter-web\3.4.2\spring-boot-starter-web-3.4.2.jar;C:\Users\Admin\.m2\repository\org\springframework\boot\spring-boot-starter-json\3.4.2\spring-boot-starter-json-3.4.2.jar;C:\Users\Admin\.m2\repository\com\fasterxml\jackson\core\jackson-databind\2.18.2\jackson-databind-2.18.2.jar;C:\Users\Admin\.m2\repository\com\fasterxml\jackson\core\jackson-annotations\2.18.2\jackson-annotations-2.18.2.jar;C:\Users\Admin\.m2\repository\com\fasterxml\jackson\core\jackson-core\2.18.2\jackson-core-2.18.2.jar;C:\Users\Admin\.m2\repository\com\fasterxml\jackson\datatype\jackson-datatype-jdk8\2.18.2\jackson-datatype-jdk8-2.18.2.jar;C:\Users\Admin\.m2\repository\com\fasterxml\jackson\datatype\jackson-datatype-jsr310\2.18.2\jackson-datatype-jsr310-2.18.2.jar;C:\Users\Admin\.m2\repository\com\fasterxml\jackson\module\jackson-module-parameter-names\2.18.2\jackson-module-parameter-names-2.18.2.jar;C:\Users\Admin\.m2\repository\org\springframework\boot\spring-boot-starter-tomcat\3.4.2\spring-boot-starter-tomcat-3.4.2.jar;C:\Users\Admin\.m2\repository\org\apache\tomcat\embed\tomcat-embed-core\10.1.34\tomcat-embed-core-10.1.34.jar;C:\Users\Admin\.m2\repository\org\apache\tomcat\embed\tomcat-embed-el\10.1.34\tomcat-embed-el-10.1.34.jar;C:\Users\Admin\.m2\repository\org\apache\tomcat\embed\tomcat-embed-websocket\10.1.34\tomcat-embed-websocket-10.1.34.jar;C:\Users\Admin\.m2\repository\org\springframework\spring-web\6.2.2\spring-web-6.2.2.jar;C:\Users\Admin\.m2\repository\io\micrometer\micrometer-observation\1.14.3\micrometer-observation-1.14.3.jar;C:\Users\Admin\.m2\repository\io\micrometer\micrometer-commons\1.14.3\micrometer-commons-1.14.3.jar;C:\Users\Admin\.m2\repository\org\springframework\spring-webmvc\6.2.2\spring-webmvc-6.2.2.jar;C:\Users\Admin\.m2\repository\org\springframework\spring-expression\6.2.2\spring-expression-6.2.2.jar;C:\Users\Admin\.m2\repository\com\mysql\mysql-connector-j\9.1.0\mysql-connector-j-9.1.0.jar;C:\Users\Admin\.m2\repository\jakarta\xml\bind\jakarta.xml.bind-api\4.0.2\jakarta.xml.bind-api-4.0.2.jar;C:\Users\Admin\.m2\repository\jakarta\activation\jakarta.activation-api\2.1.3\jakarta.activation-api-2.1.3.jar;C:\Users\Admin\.m2\repository\org\springframework\spring-core\6.2.2\spring-core-6.2.2.jar;C:\Users\Admin\.m2\repository\org\springframework\spring-jcl\6.2.2\spring-jcl-6.2.2.jar
Launcher Type: SUN_STANDARD

[Global flags]
     intx CICompilerCount                          = 12                                        {product} {ergonomic}
     uint ConcGCThreads                            = 3                                         {product} {ergonomic}
     uint G1ConcRefinementThreads                  = 13                                        {product} {ergonomic}
   size_t G1HeapRegionSize                         = 2097152                                   {product} {ergonomic}
   size_t InitialHeapSize                          = 264241152                                 {product} {ergonomic}
   size_t MarkStackSize                            = 4194304                                   {product} {ergonomic}
   size_t MaxHeapSize                              = 4196401152                                {product} {ergonomic}
   size_t MaxNewSize                               = 2516582400                                {product} {ergonomic}
   size_t MinHeapDeltaBytes                        = 2097152                                   {product} {ergonomic}
   size_t MinHeapSize                              = 8388608                                   {product} {ergonomic}
    uintx NonNMethodCodeHeapSize                   = 7602480                                {pd product} {ergonomic}
    uintx NonProfiledCodeHeapSize                  = 122027880                              {pd product} {ergonomic}
    uintx ProfiledCodeHeapSize                     = 122027880                              {pd product} {ergonomic}
    uintx ReservedCodeCacheSize                    = 251658240                              {pd product} {ergonomic}
     bool SegmentedCodeCache                       = true                                      {product} {ergonomic}
   size_t SoftMaxHeapSize                          = 4196401152                             {manageable} {ergonomic}
     bool UseCompressedOops                        = true                           {product lp64_product} {ergonomic}
     bool UseG1GC                                  = true                                      {product} {ergonomic}
     bool UseLargePagesIndividualAllocation        = false                                  {pd product} {ergonomic}

Logging:
Log output configuration:
 #0: stdout all=warning uptime,level,tags foldmultilines=false
 #1: stderr all=off uptime,level,tags foldmultilines=false

Environment Variables:
JAVA_HOME=C:\Program Files\Java\jdk-22
PATH=C:\Python313\Scripts\;C:\Python313\;C:\Program Files\Common Files\Oracle\Java\javapath;C:\Python312\Scripts\;C:\Python312\;C:\Windows\system32;C:\Windows;C:\Windows\System32\Wbem;C:\Windows\System32\WindowsPowerShell\v1.0\;C:\Windows\System32\OpenSSH\;C:\Program Files\dotnet\;C:\ProgramData\chocolatey\bin;C:\Program Files\Git\cmd;C:\Program Files\Git\bin;C:\Program Files\Java\jdk-22\bin;C:\Program Files\nodejs\;C:\Program Files\MySQL\MySQL Shell 8.0\bin\;C:\Users\Admin\AppData\Local\Microsoft\WindowsApps;C:\Users\Admin\AppData\Local\Programs\Microsoft VS Code\bin;C:\Program Files\Git\bin;C:\Dart\dart-sdk\bin;;C:\Program Files\JetBrains\IntelliJ IDEA Community Edition 2024.3.2.2\bin;;C:\Users\Admin\AppData\Roaming\npm
USERNAME=Admin
OS=Windows_NT
PROCESSOR_IDENTIFIER=Intel64 Family 6 Model 154 Stepping 3, GenuineIntel
TMP=C:\Users\Admin\AppData\Local\Temp
TEMP=C:\Users\Admin\AppData\Local\Temp




Periodic native trim disabled

---------------  S Y S T E M  ---------------

OS:
 Windows 11 , 64 bit Build 22621 (10.0.22621.4391)
OS uptime: 17 days 3:03 hours
Hyper-V role detected

CPU: total 16 (initial active 16) (8 cores per cpu, 2 threads per core) family 6 model 154 stepping 3 microcode 0x434, cx8, cmov, fxsr, ht, mmx, 3dnowpref, sse, sse2, sse3, ssse3, sse4.1, sse4.2, popcnt, lzcnt, tsc, tscinvbit, avx, avx2, aes, erms, clmul, bmi1, bmi2, adx, sha, fma, vzeroupper, clflush, clflushopt, clwb, hv, serialize, rdtscp, rdpid, fsrm, f16c, cet_ibt, cet_ss
Processor Information for all 16 processors :
  Max Mhz: 2500, Current Mhz: 2500, Mhz Limit: 2500

Memory: 4k page, system-wide physical 16004M (3997M free)
TotalPageFile size 65156M (AvailPageFile size 3M)
current process WorkingSet (physical memory assigned to process): 162M, peak: 162M
current process commit charge ("private bytes"): 426M, peak: 426M

vm_info: Java HotSpot(TM) 64-Bit Server VM (22+36-2370) for windows-amd64 JRE (22+36-2370), built on 2024-02-15T22:15:19Z by "mach5one" with MS VC++ 17.6 (VS2022)

END.
